2016/05/04 08:28:01 [emerg] 1#1: host not found in upstream "php" in /etc/nginx/conf.d/champloo.dev.conf:17
2016/05/04 08:28:01 [emerg] 1#1: host not found in upstream "php" in /etc/nginx/conf.d/champloo.dev.conf:17
2016/05/04 08:28:02 [emerg] 1#1: host not found in upstream "php" in /etc/nginx/conf.d/champloo.dev.conf:17
2016/05/04 08:28:03 [emerg] 1#1: host not found in upstream "php" in /etc/nginx/conf.d/champloo.dev.conf:17
2016/05/04 08:28:04 [emerg] 1#1: host not found in upstream "php" in /etc/nginx/conf.d/champloo.dev.conf:17
2016/05/04 08:28:05 [emerg] 1#1: host not found in upstream "php" in /etc/nginx/conf.d/champloo.dev.conf:17
2016/05/04 08:28:09 [emerg] 1#1: host not found in upstream "php" in /etc/nginx/conf.d/champloo.dev.conf:17
2016/05/04 08:28:15 [emerg] 1#1: host not found in upstream "php" in /etc/nginx/conf.d/champloo.dev.conf:17
2016/05/04 08:28:28 [emerg] 1#1: host not found in upstream "php" in /etc/nginx/conf.d/champloo.dev.conf:17
2016/05/04 08:28:54 [emerg] 1#1: host not found in upstream "php" in /etc/nginx/conf.d/champloo.dev.conf:17
2016/05/04 08:29:46 [emerg] 1#1: host not found in upstream "php" in /etc/nginx/conf.d/champloo.dev.conf:17
2016/05/04 08:31:28 [emerg] 1#1: host not found in upstream "php" in /etc/nginx/conf.d/champloo.dev.conf:17
2016/05/04 08:34:53 [emerg] 1#1: host not found in upstream "php" in /etc/nginx/conf.d/champloo.dev.conf:17
2016/05/04 08:41:43 [emerg] 1#1: host not found in upstream "php" in /etc/nginx/conf.d/champloo.dev.conf:17
2016/05/04 08:55:23 [emerg] 1#1: host not found in upstream "php" in /etc/nginx/conf.d/champloo.dev.conf:17
2016/05/08 17:54:47 [emerg] 1#1: host not found in upstream "php" in /etc/nginx/conf.d/champloo.dev.conf:17
2016/05/08 17:54:47 [emerg] 1#1: host not found in upstream "php" in /etc/nginx/conf.d/champloo.dev.conf:17
2016/05/08 17:54:48 [emerg] 1#1: host not found in upstream "php" in /etc/nginx/conf.d/champloo.dev.conf:17
2016/05/08 17:54:48 [emerg] 1#1: host not found in upstream "php" in /etc/nginx/conf.d/champloo.dev.conf:17
2016/05/08 17:54:49 [emerg] 1#1: host not found in upstream "php" in /etc/nginx/conf.d/champloo.dev.conf:17
2016/05/08 17:54:51 [emerg] 1#1: host not found in upstream "php" in /etc/nginx/conf.d/champloo.dev.conf:17
2016/05/08 17:54:55 [emerg] 1#1: host not found in upstream "php" in /etc/nginx/conf.d/champloo.dev.conf:17
2016/05/08 17:55:02 [emerg] 1#1: host not found in upstream "php" in /etc/nginx/conf.d/champloo.dev.conf:17
2016/05/08 17:55:15 [emerg] 1#1: host not found in upstream "php" in /etc/nginx/conf.d/champloo.dev.conf:17
2016/05/08 17:55:40 [emerg] 1#1: host not found in upstream "php" in /etc/nginx/conf.d/champloo.dev.conf:17
2016/05/08 17:56:32 [emerg] 1#1: host not found in upstream "php" in /etc/nginx/conf.d/champloo.prod.conf:12
2016/05/08 17:56:42 [emerg] 1#1: host not found in upstream "php" in /etc/nginx/conf.d/champloo.prod.conf:12
2016/05/08 17:56:43 [emerg] 1#1: host not found in upstream "php" in /etc/nginx/conf.d/champloo.prod.conf:12
2016/05/08 17:56:43 [emerg] 1#1: host not found in upstream "php" in /etc/nginx/conf.d/champloo.prod.conf:12
2016/05/08 17:56:44 [emerg] 1#1: host not found in upstream "php" in /etc/nginx/conf.d/champloo.prod.conf:12
2016/05/08 17:56:45 [emerg] 1#1: host not found in upstream "php" in /etc/nginx/conf.d/champloo.prod.conf:12
2016/05/08 17:56:47 [emerg] 1#1: host not found in upstream "php" in /etc/nginx/conf.d/champloo.prod.conf:12
2016/05/08 17:56:50 [emerg] 1#1: host not found in upstream "php" in /etc/nginx/conf.d/champloo.prod.conf:12
2016/05/08 17:56:57 [emerg] 1#1: host not found in upstream "php" in /etc/nginx/conf.d/champloo.prod.conf:12
2016/05/08 17:57:10 [emerg] 1#1: host not found in upstream "php" in /etc/nginx/conf.d/champloo.prod.conf:12
2016/05/08 17:57:36 [emerg] 1#1: host not found in upstream "php" in /etc/nginx/conf.d/champloo.prod.conf:12
2016/05/11 10:07:24 [error] 7#7: *2 FastCGI sent in stderr: "Primary script unknown" while reading response header from upstream, client: 172.18.0.1, server: localhost, request: "GET /champloo/web/info.php HTTP/1.1", upstream: "fastcgi://172.18.0.2:9000", host: "localhost"
2016/05/13 12:54:46 [emerg] 1#1: host not found in upstream "php7" in /etc/nginx/conf.d/champloo.dev.conf:17
2016/05/13 12:54:47 [emerg] 1#1: host not found in upstream "php7" in /etc/nginx/conf.d/champloo.dev.conf:17
2016/05/13 12:54:47 [emerg] 1#1: host not found in upstream "php7" in /etc/nginx/conf.d/champloo.dev.conf:17
2016/05/13 12:54:48 [emerg] 1#1: host not found in upstream "php7" in /etc/nginx/conf.d/champloo.dev.conf:17
2016/05/13 12:54:50 [emerg] 1#1: host not found in upstream "php7" in /etc/nginx/conf.d/champloo.dev.conf:17
2016/05/13 12:54:52 [emerg] 1#1: host not found in upstream "php7" in /etc/nginx/conf.d/champloo.dev.conf:17
2016/05/13 12:54:55 [emerg] 1#1: host not found in upstream "php7" in /etc/nginx/conf.d/champloo.dev.conf:17
2016/05/13 12:55:02 [emerg] 1#1: host not found in upstream "php7" in /etc/nginx/conf.d/champloo.dev.conf:17
2016/05/13 12:55:15 [emerg] 1#1: host not found in upstream "php7" in /etc/nginx/conf.d/champloo.dev.conf:17
2016/05/13 12:55:41 [emerg] 1#1: host not found in upstream "php7" in /etc/nginx/conf.d/champloo.dev.conf:17
2016/05/13 12:56:32 [emerg] 1#1: host not found in upstream "php7" in /etc/nginx/conf.d/champloo.dev.conf:17
2016/05/13 12:58:15 [emerg] 1#1: host not found in upstream "php7" in /etc/nginx/conf.d/champloo.dev.conf:17
2016/05/13 13:01:40 [emerg] 1#1: host not found in upstream "php7" in /etc/nginx/conf.d/champloo.dev.conf:17
2016/05/13 13:08:30 [emerg] 1#1: host not found in upstream "php7" in /etc/nginx/conf.d/champloo.dev.conf:17
2016/05/13 13:22:10 [emerg] 1#1: host not found in upstream "php7" in /etc/nginx/conf.d/champloo.dev.conf:17
2016/05/13 13:49:29 [emerg] 1#1: host not found in upstream "php7" in /etc/nginx/conf.d/champloo.dev.conf:17
2016/05/13 14:29:50 [emerg] 1#1: host not found in upstream "php7" in /etc/nginx/conf.d/champloo.dev.conf:17
2016/05/13 14:29:55 [emerg] 1#1: host not found in upstream "php7" in /etc/nginx/conf.d/champloo.dev.conf:17
2016/05/13 14:29:55 [emerg] 1#1: host not found in upstream "php7" in /etc/nginx/conf.d/champloo.dev.conf:17
2016/05/13 14:29:56 [emerg] 1#1: host not found in upstream "php7" in /etc/nginx/conf.d/champloo.dev.conf:17
2016/05/13 14:29:57 [emerg] 1#1: host not found in upstream "php7" in /etc/nginx/conf.d/champloo.dev.conf:17
2016/05/13 14:29:59 [emerg] 1#1: host not found in upstream "php7" in /etc/nginx/conf.d/champloo.dev.conf:17
2016/05/13 14:30:02 [emerg] 1#1: host not found in upstream "php7" in /etc/nginx/conf.d/champloo.dev.conf:17
2016/05/13 14:30:09 [emerg] 1#1: host not found in upstream "php7" in /etc/nginx/conf.d/champloo.dev.conf:17
2016/05/13 14:30:23 [emerg] 1#1: host not found in upstream "php7" in /etc/nginx/conf.d/champloo.dev.conf:17
2016/05/13 14:30:49 [emerg] 1#1: host not found in upstream "php7" in /etc/nginx/conf.d/champloo.dev.conf:17
2016/05/13 14:31:40 [emerg] 1#1: host not found in upstream "php7" in /etc/nginx/conf.d/champloo.dev.conf:17
2016/05/13 14:33:23 [emerg] 1#1: host not found in upstream "php7" in /etc/nginx/conf.d/champloo.dev.conf:17
2016/05/13 14:36:48 [emerg] 1#1: host not found in upstream "php7" in /etc/nginx/conf.d/champloo.dev.conf:17
2016/05/13 14:43:38 [emerg] 1#1: host not found in upstream "php7" in /etc/nginx/conf.d/champloo.dev.conf:17
2016/05/13 14:57:17 [emerg] 1#1: host not found in upstream "php7" in /etc/nginx/conf.d/champloo.dev.conf:17
2016/05/13 15:24:36 [emerg] 1#1: host not found in upstream "php7" in /etc/nginx/conf.d/champloo.dev.conf:17
2016/05/13 18:10:30 [error] 7#7: *1 connect() failed (113: No route to host) while connecting to upstream, client: 172.18.0.1, server: localhost, request: "GET /symfony/web/info.php HTTP/1.1", upstream: "fastcgi://172.18.0.2:9000", host: "localhost"
2016/05/22 17:26:13 [emerg] 1#1: invalid URL prefix in /etc/nginx/conf.d/default.conf:20
2016/05/22 17:26:13 [emerg] 1#1: invalid URL prefix in /etc/nginx/conf.d/default.conf:20
2016/05/22 17:26:13 [emerg] 1#1: invalid URL prefix in /etc/nginx/conf.d/default.conf:20
2016/05/22 17:26:14 [emerg] 1#1: invalid URL prefix in /etc/nginx/conf.d/default.conf:20
2016/05/22 17:26:15 [emerg] 1#1: invalid URL prefix in /etc/nginx/conf.d/default.conf:20
2016/05/22 17:26:17 [emerg] 1#1: invalid URL prefix in /etc/nginx/conf.d/default.conf:20
2016/05/22 17:26:20 [emerg] 1#1: invalid URL prefix in /etc/nginx/conf.d/default.conf:20
2016/05/22 17:26:27 [emerg] 1#1: invalid URL prefix in /etc/nginx/conf.d/default.conf:20
2016/05/22 17:26:40 [emerg] 1#1: invalid URL prefix in /etc/nginx/conf.d/default.conf:20
2016/05/22 17:27:06 [emerg] 1#1: invalid URL prefix in /etc/nginx/conf.d/default.conf:20
2016/05/28 15:21:31 [error] 6#6: *1 FastCGI sent in stderr: "Primary script unknown" while reading response header from upstream, client: 172.18.0.1, server: localhost, request: "GET /champloo/web/info.php HTTP/1.1", upstream: "fastcgi://172.18.0.7:9000", host: "localhost"
